2026-04-22T14:01:25+0000 INFO Fetched page: 198 total IDs, 10 rendered details
2026-04-22T14:01:25+0000 INFO 0 new offer(s) found
2026-04-22T15:22:27+0000 INFO Fetched page: 201 total IDs, 10 rendered details
2026-04-22T15:22:27+0000 INFO 4 new offer(s) found
2026-04-22T15:22:28+0000 INFO Telegram sent: 🏠 Neues Wohnungsangebot — Reinickendorf

📍 Roedernallee 118C
2026-04-22T15:22:28+0000 INFO Notified: ID 16081 — Roedernallee 118C, 13437 Reinickendorf
2026-04-22T15:22:28+0000 INFO Telegram sent: 🏠 Neues Wohnungsangebot — Treptow-Köpenick

📍 Salvador-Allen
2026-04-22T15:22:28+0000 INFO Notified: ID 16082 — Salvador-Allende-Straße 68, 12559 Treptow-Köpenick
2026-04-22T15:22:29+0000 INFO Telegram sent: 🏠 Neues Wohnungsangebot — Spandau

📍 Asnièresstraße 1, 13587
2026-04-22T15:22:29+0000 INFO Notified: ID 16083 — Asnièresstraße 1, 13587 Spandau
2026-04-22T15:22:29+0000 INFO Telegram sent: 🏠 Neues Wohnungsangebot — Treptow-Köpenick

📍 Joachimstraße 
2026-04-22T15:22:29+0000 INFO Notified: ID 16084 — Joachimstraße 6, 12555 Treptow-Köpenick
2026-04-22T16:36:39+0000 INFO Fetched page: 203 total IDs, 10 rendered details
2026-04-22T16:36:39+0000 INFO 3 new offer(s) found
2026-04-22T16:36:39+0000 INFO Skipped (district Spandau not in allowlist): ID 16086
2026-04-22T16:36:39+0000 INFO Skipped (district Lichtenberg not in allowlist): ID 16087
2026-04-22T16:36:39+0000 INFO Skipped (district Spandau not in allowlist): ID 16088
2026-04-22T17:38:51+0000 INFO Fetched page: 203 total IDs, 10 rendered details
2026-04-22T17:38:51+0000 INFO 1 new offer(s) found
2026-04-22T17:38:51+0000 INFO Telegram sent: 🏠 Neues Wohnungsangebot — Charlottenburg-Wilmersdorf

📍 Teic
2026-04-22T17:38:51+0000 INFO Notified: ID 16089 — Teichgräberzeile 1, 13627 Charlottenburg-Wilmersdorf
2026-04-22T18:45:17+0000 INFO Fetched page: 203 total IDs, 10 rendered details
2026-04-22T18:45:17+0000 INFO 0 new offer(s) found
2026-04-22T19:54:53+0000 INFO Fetched page: 203 total IDs, 10 rendered details
2026-04-22T19:54:53+0000 INFO 0 new offer(s) found
2026-04-22T20:53:53+0000 INFO Fetched page: 202 total IDs, 10 rendered details
2026-04-22T20:53:53+0000 INFO 0 new offer(s) found
2026-04-22T21:46:31+0000 INFO Fetched page: 202 total IDs, 10 rendered details
2026-04-22T21:46:31+0000 INFO 0 new offer(s) found
2026-04-22T22:34:22+0000 INFO Fetched page: 201 total IDs, 10 rendered details
2026-04-22T22:34:22+0000 INFO 0 new offer(s) found
2026-04-22T23:30:16+0000 INFO Fetched page: 201 total IDs, 10 rendered details
2026-04-22T23:30:16+0000 INFO 0 new offer(s) found
2026-04-23T01:10:19+0000 INFO Fetched page: 201 total IDs, 10 rendered details
2026-04-23T01:10:19+0000 INFO 0 new offer(s) found
2026-04-23T04:21:52+0000 INFO Fetched page: 201 total IDs, 10 rendered details
2026-04-23T04:21:52+0000 INFO 0 new offer(s) found
2026-04-23T06:21:30+0000 INFO Fetched page: 201 total IDs, 10 rendered details
2026-04-23T06:21:30+0000 INFO 3 new offer(s) found
2026-04-23T06:21:30+0000 INFO Skipped (district Pankow not in allowlist): ID 16090
2026-04-23T06:21:30+0000 INFO Skipped (district Pankow not in allowlist): ID 16091
2026-04-23T06:21:30+0000 INFO Skipped (district Pankow not in allowlist): ID 16092
2026-04-23T08:15:24+0000 INFO Fetched page: 207 total IDs, 10 rendered details
2026-04-23T08:15:24+0000 INFO 11 new offer(s) found
2026-04-23T08:15:24+0000 WARNING ID 16094 not in top-10 details (>10 new in one window?)
2026-04-23T08:15:25+0000 INFO Telegram sent: 🏠 New offer (ID 16094) — details not rendered, see site:
🔗 h
2026-04-23T08:15:25+0000 INFO Telegram sent: 🏠 Neues Wohnungsangebot — Neukölln

📍 Bruno-Taut-Ring 11B, 1
2026-04-23T08:15:25+0000 INFO Notified: ID 16095 — Bruno-Taut-Ring 11B, 12359 Neukölln
2026-04-23T08:15:26+0000 INFO Telegram sent: 🏠 Neues Wohnungsangebot — Neukölln

📍 Bruno-Taut-Ring 17A, 1
2026-04-23T08:15:26+0000 INFO Notified: ID 16096 — Bruno-Taut-Ring 17A, 12359 Neukölln
2026-04-23T08:15:26+0000 INFO Telegram sent: 🏠 Neues Wohnungsangebot — Neukölln

📍 Bruno-Taut-Ring 17A, 1
2026-04-23T08:15:26+0000 INFO Notified: ID 16097 — Bruno-Taut-Ring 17A, 12359 Neukölln
2026-04-23T08:15:27+0000 INFO Telegram sent: 🏠 Neues Wohnungsangebot — Neukölln

📍 Bruno-Taut-Ring 15A, 1
2026-04-23T08:15:27+0000 INFO Notified: ID 16098 — Bruno-Taut-Ring 15A, 12359 Neukölln
2026-04-23T08:15:27+0000 INFO Telegram sent: 🏠 Neues Wohnungsangebot — Neukölln

📍 Glasower Straße 4, 120
2026-04-23T08:15:27+0000 INFO Notified: ID 16099 — Glasower Straße 4, 12051 Neukölln
2026-04-23T08:15:27+0000 INFO Skipped (district Lichtenberg not in allowlist): ID 16100
2026-04-23T08:15:28+0000 INFO Telegram sent: 🏠 Neues Wohnungsangebot — Neukölln

📍 Marienfelder Chaussee 
2026-04-23T08:15:28+0000 INFO Notified: ID 16101 — Marienfelder Chaussee 122, 12349 Neukölln
2026-04-23T08:15:28+0000 INFO Telegram sent: 🏠 Neues Wohnungsangebot — Neukölln

📍 Am Mühlanger 13, 12349
2026-04-23T08:15:28+0000 INFO Notified: ID 16102 — Am Mühlanger 13, 12349 Neukölln
2026-04-23T08:15:28+0000 INFO Skipped (district Lichtenberg not in allowlist): ID 16103
2026-04-23T08:15:29+0000 INFO Telegram sent: 🏠 Neues Wohnungsangebot — Neukölln

📍 Knyphausenweg 4, 12349
2026-04-23T08:15:29+0000 INFO Notified: ID 16104 — Knyphausenweg 4, 12349 Neukölln
2026-04-23T09:59:21+0000 INFO Fetched page: 207 total IDs, 10 rendered details
2026-04-23T09:59:21+0000 INFO 7 new offer(s) found
2026-04-23T09:59:21+0000 INFO Skipped (district Marzahn-Hellersdorf not in allowlist): ID 16105
2026-04-23T09:59:21+0000 INFO Skipped (district Marzahn-Hellersdorf not in allowlist): ID 16106
2026-04-23T09:59:21+0000 INFO Skipped (district Treptow-Köpenick not in allowlist): ID 16107
2026-04-23T09:59:21+0000 INFO Skipped (district Marzahn-Hellersdorf not in allowlist): ID 16108
2026-04-23T09:59:22+0000 INFO Telegram sent: 🏠 Neues Wohnungsangebot — Mitte

📍 Soldiner Straße 71, 13359
2026-04-23T09:59:22+0000 INFO Notified: ID 16109 — Soldiner Straße 71, 13359 Mitte
2026-04-23T09:59:22+0000 INFO Skipped (district Reinickendorf not in allowlist): ID 16110
2026-04-23T09:59:22+0000 INFO Telegram sent: 🏠 Neues Wohnungsangebot — Tempelhof-Schöneberg

📍 Martin-Lut
2026-04-23T09:59:22+0000 INFO Notified: ID 16111 — Martin-Luther-Straße 25, 10777 Tempelhof-Schöneberg
2026-04-23T11:17:10+0000 INFO Fetched page: 209 total IDs, 10 rendered details
2026-04-23T11:17:10+0000 INFO 6 new offer(s) found
2026-04-23T11:17:10+0000 INFO Skipped (district Marzahn-Hellersdorf not in allowlist): ID 16112
2026-04-23T11:17:10+0000 INFO Skipped (district Treptow-Köpenick not in allowlist): ID 16113
2026-04-23T11:17:10+0000 INFO Skipped (district Marzahn-Hellersdorf not in allowlist): ID 16114
2026-04-23T11:17:10+0000 INFO Skipped (district Lichtenberg not in allowlist): ID 16115
2026-04-23T11:17:10+0000 INFO Skipped (district Spandau not in allowlist): ID 16117
2026-04-23T11:17:10+0000 INFO Skipped (district Marzahn-Hellersdorf not in allowlist): ID 16118
2026-04-23T12:11:22+0000 INFO Fetched page: 212 total IDs, 10 rendered details
2026-04-23T12:11:22+0000 INFO 6 new offer(s) found
2026-04-23T12:11:22+0000 INFO Telegram sent: 🏠 Neues Wohnungsangebot — Tempelhof-Schöneberg

📍 Greizer St
2026-04-23T12:11:22+0000 INFO Notified: ID 16119 — Greizer Straße 30, 12279 Tempelhof-Schöneberg
2026-04-23T12:11:22+0000 INFO Telegram sent: 🏠 Neues Wohnungsangebot — Mitte

📍 Mühlendamm 1, 10179 Mitte
2026-04-23T12:11:22+0000 INFO Notified: ID 16120 — Mühlendamm 1, 10179 Mitte
2026-04-23T12:11:22+0000 INFO Skipped (district Marzahn-Hellersdorf not in allowlist): ID 16121
2026-04-23T12:11:23+0000 INFO Telegram sent: 🏠 Neues Wohnungsangebot — Tempelhof-Schöneberg

📍 Am Mühlenb
2026-04-23T12:11:23+0000 INFO Notified: ID 16122 — Am Mühlenberg 5, 10825 Tempelhof-Schöneberg
2026-04-23T12:11:23+0000 INFO Skipped (district Treptow-Köpenick not in allowlist): ID 16123
2026-04-23T12:11:23+0000 INFO Telegram sent: 🏠 Neues Wohnungsangebot — Tempelhof-Schöneberg

📍 Am Mühlenb
2026-04-23T12:11:23+0000 INFO Notified: ID 16124 — Am Mühlenberg 5, 10825 Tempelhof-Schöneberg
2026-04-23T14:12:36+0000 INFO Fetched page: 216 total IDs, 10 rendered details
2026-04-23T14:12:36+0000 INFO 12 new offer(s) found
2026-04-23T14:12:36+0000 WARNING ID 16125 not in top-10 details (>10 new in one window?)
2026-04-23T14:12:37+0000 INFO Telegram sent: 🏠 New offer (ID 16125) — details not rendered, see site:
🔗 h
2026-04-23T14:12:37+0000 WARNING ID 16126 not in top-10 details (>10 new in one window?)
2026-04-23T14:12:37+0000 INFO Telegram sent: 🏠 New offer (ID 16126) — details not rendered, see site:
🔗 h
2026-04-23T14:12:37+0000 INFO Skipped (district Treptow-Köpenick not in allowlist): ID 16127
2026-04-23T14:12:37+0000 INFO Skipped (district Treptow-Köpenick not in allowlist): ID 16128
2026-04-23T14:12:37+0000 INFO Skipped (district Lichtenberg not in allowlist): ID 16129
2026-04-23T14:12:38+0000 INFO Telegram sent: 🏠 Neues Wohnungsangebot — Friedrichshain-Kreuzberg

📍 Marian
2026-04-23T14:12:38+0000 INFO Notified: ID 16130 — Mariannenstraße 53, 10997 Friedrichshain-Kreuzberg
2026-04-23T14:12:38+0000 INFO Telegram sent: 🏠 Neues Wohnungsangebot — Tempelhof-Schöneberg

📍 Intzestraß
2026-04-23T14:12:38+0000 INFO Notified: ID 16131 — Intzestraße 21, 12277 Tempelhof-Schöneberg
2026-04-23T14:12:38+0000 INFO Telegram sent: 🏠 Neues Wohnungsangebot — Mitte

📍 Reinickendorfer Straße 31
2026-04-23T14:12:38+0000 INFO Notified: ID 16132 — Reinickendorfer Straße 31, 13347 Mitte
2026-04-23T14:12:39+0000 INFO Telegram sent: 🏠 Neues Wohnungsangebot — Charlottenburg-Wilmersdorf

📍 Krum
2026-04-23T14:12:39+0000 INFO Notified: ID 16133 — Krumme Straße 77, 10585 Charlottenburg-Wilmersdorf
2026-04-23T14:12:39+0000 INFO Telegram sent: 🏠 Neues Wohnungsangebot — Friedrichshain-Kreuzberg

📍 Großbe
2026-04-23T14:12:39+0000 INFO Notified: ID 16135 — Großbeerenstraße 3, 10963 Friedrichshain-Kreuzberg
2026-04-23T14:12:39+0000 INFO Skipped (district Marzahn-Hellersdorf not in allowlist): ID 16136
2026-04-23T14:12:39+0000 INFO Skipped (district Lichtenberg not in allowlist): ID 16137
2026-04-23T17:45:36+0000 INFO Fetched page: 215 total IDs, 10 rendered details
2026-04-23T17:45:36+0000 INFO 7 new offer(s) found
2026-04-23T17:45:36+0000 INFO Skipped (district Treptow-Köpenick not in allowlist): ID 16138
2026-04-23T17:45:36+0000 INFO Skipped (district Pankow not in allowlist): ID 16140
2026-04-23T17:45:36+0000 INFO Skipped (district Lichtenberg not in allowlist): ID 16141
2026-04-23T17:45:36+0000 INFO Skipped (district Lichtenberg not in allowlist): ID 16142
2026-04-23T17:45:36+0000 INFO Skipped (district Lichtenberg not in allowlist): ID 16143
2026-04-23T17:45:36+0000 INFO Skipped (district Lichtenberg not in allowlist): ID 16144
2026-04-23T17:45:36+0000 INFO Telegram sent: 🏠 Neues Wohnungsangebot — Tempelhof-Schöneberg

📍 Barnetstra
2026-04-23T17:45:36+0000 INFO Notified: ID 16146 — Barnetstraße 81, 12305 Tempelhof-Schöneberg
2026-04-23T18:47:17+0000 INFO Fetched page: 212 total IDs, 10 rendered details
2026-04-23T18:47:17+0000 INFO 0 new offer(s) found
2026-04-23T19:57:44+0000 INFO Fetched page: 211 total IDs, 10 rendered details
2026-04-23T19:57:44+0000 INFO 0 new offer(s) found
2026-04-23T20:58:51+0000 INFO Fetched page: 209 total IDs, 10 rendered details
2026-04-23T20:58:51+0000 INFO 0 new offer(s) found
2026-04-23T21:55:11+0000 INFO Fetched page: 209 total IDs, 10 rendered details
2026-04-23T21:55:11+0000 INFO 0 new offer(s) found
2026-04-23T22:43:08+0000 INFO Fetched page: 208 total IDs, 10 rendered details
2026-04-23T22:43:08+0000 INFO 0 new offer(s) found
2026-04-23T23:31:07+0000 INFO Fetched page: 208 total IDs, 10 rendered details
2026-04-23T23:31:07+0000 INFO 0 new offer(s) found
2026-04-24T01:10:45+0000 INFO Fetched page: 208 total IDs, 10 rendered details
2026-04-24T01:10:45+0000 INFO 0 new offer(s) found
2026-04-24T04:26:59+0000 INFO Fetched page: 207 total IDs, 10 rendered details
2026-04-24T04:26:59+0000 INFO 0 new offer(s) found
2026-04-24T06:26:16+0000 INFO Fetched page: 209 total IDs, 10 rendered details
2026-04-24T06:26:16+0000 INFO 11 new offer(s) found
2026-04-24T06:26:16+0000 WARNING ID 16147 not in top-10 details (>10 new in one window?)
2026-04-24T06:26:16+0000 INFO Telegram sent: 🏠 New offer (ID 16147) — details not rendered, see site:
🔗 h
2026-04-24T06:26:16+0000 INFO Skipped (district Reinickendorf not in allowlist): ID 16148
2026-04-24T06:26:17+0000 INFO Telegram sent: 🏠 Neues Wohnungsangebot — Mitte

📍 Soldiner Straße 71, 13359
2026-04-24T06:26:17+0000 INFO Notified: ID 16149 — Soldiner Straße 71, 13359 Mitte
2026-04-24T06:26:17+0000 INFO Skipped (district Treptow-Köpenick not in allowlist): ID 16150
2026-04-24T06:26:17+0000 INFO Skipped (district Treptow-Köpenick not in allowlist): ID 16151
2026-04-24T06:26:17+0000 INFO Skipped (district Treptow-Köpenick not in allowlist): ID 16152
2026-04-24T06:26:17+0000 INFO Skipped (district Treptow-Köpenick not in allowlist): ID 16153
2026-04-24T06:26:17+0000 INFO Skipped (district Treptow-Köpenick not in allowlist): ID 16154
2026-04-24T06:26:17+0000 INFO Skipped (district Treptow-Köpenick not in allowlist): ID 16155
2026-04-24T06:26:17+0000 INFO Skipped (district Treptow-Köpenick not in allowlist): ID 16156
2026-04-24T06:26:17+0000 INFO Skipped (district Treptow-Köpenick not in allowlist): ID 16157
2026-04-24T08:31:49+0000 INFO Fetched page: 212 total IDs, 10 rendered details
2026-04-24T08:31:49+0000 INFO 19 new offer(s) found
2026-04-24T08:31:49+0000 WARNING ID 16158 not in top-10 details (>10 new in one window?)
2026-04-24T08:31:50+0000 INFO Telegram sent: 🏠 New offer (ID 16158) — details not rendered, see site:
🔗 h
2026-04-24T08:31:50+0000 WARNING ID 16159 not in top-10 details (>10 new in one window?)
2026-04-24T08:31:50+0000 INFO Telegram sent: 🏠 New offer (ID 16159) — details not rendered, see site:
🔗 h
2026-04-24T08:31:50+0000 WARNING ID 16160 not in top-10 details (>10 new in one window?)
2026-04-24T08:31:50+0000 INFO Telegram sent: 🏠 New offer (ID 16160) — details not rendered, see site:
🔗 h
2026-04-24T08:31:50+0000 WARNING ID 16161 not in top-10 details (>10 new in one window?)
2026-04-24T08:31:51+0000 INFO Telegram sent: 🏠 New offer (ID 16161) — details not rendered, see site:
🔗 h
2026-04-24T08:31:51+0000 WARNING ID 16162 not in top-10 details (>10 new in one window?)
2026-04-24T08:31:51+0000 INFO Telegram sent: 🏠 New offer (ID 16162) — details not rendered, see site:
🔗 h
2026-04-24T08:31:51+0000 WARNING ID 16163 not in top-10 details (>10 new in one window?)
2026-04-24T08:31:51+0000 INFO Telegram sent: 🏠 New offer (ID 16163) — details not rendered, see site:
🔗 h
2026-04-24T08:31:51+0000 WARNING ID 16164 not in top-10 details (>10 new in one window?)
2026-04-24T08:31:52+0000 INFO Telegram sent: 🏠 New offer (ID 16164) — details not rendered, see site:
🔗 h
2026-04-24T08:31:52+0000 WARNING ID 16165 not in top-10 details (>10 new in one window?)
2026-04-24T08:31:52+0000 INFO Telegram sent: 🏠 New offer (ID 16165) — details not rendered, see site:
🔗 h
2026-04-24T08:31:52+0000 WARNING ID 16166 not in top-10 details (>10 new in one window?)
2026-04-24T08:31:52+0000 INFO Telegram sent: 🏠 New offer (ID 16166) — details not rendered, see site:
🔗 h
2026-04-24T08:31:52+0000 INFO Skipped (district Marzahn-Hellersdorf not in allowlist): ID 16167
2026-04-24T08:31:52+0000 INFO Skipped (district Marzahn-Hellersdorf not in allowlist): ID 16168
2026-04-24T08:31:52+0000 INFO Skipped (district Pankow not in allowlist): ID 16169
2026-04-24T08:31:52+0000 INFO Skipped (district Marzahn-Hellersdorf not in allowlist): ID 16170
2026-04-24T08:31:52+0000 INFO Skipped (district Marzahn-Hellersdorf not in allowlist): ID 16171
2026-04-24T08:31:53+0000 INFO Telegram sent: 🏠 Neues Wohnungsangebot — Neukölln

📍 Agnes-Straub-Weg 2B, 1
2026-04-24T08:31:53+0000 INFO Notified: ID 16172 — Agnes-Straub-Weg 2B, 12353 Neukölln
2026-04-24T08:31:53+0000 INFO Telegram sent: 🏠 Neues Wohnungsangebot — Neukölln

📍 Heinrich-Schlusnus-Str
2026-04-24T08:31:53+0000 INFO Notified: ID 16173 — Heinrich-Schlusnus-Straße 8, 12057 Neukölln
2026-04-24T08:31:53+0000 INFO Skipped (district Treptow-Köpenick not in allowlist): ID 16174
2026-04-24T08:31:53+0000 INFO Skipped (district Marzahn-Hellersdorf not in allowlist): ID 16175
2026-04-24T08:31:53+0000 INFO Telegram sent: 🏠 Neues Wohnungsangebot — Mitte

📍 Stralsunder Straße 61, 13
2026-04-24T08:31:53+0000 INFO Notified: ID 16176 — Stralsunder Straße 61, 13355 Mitte
2026-04-24T10:10:07+0000 INFO Fetched page: 216 total IDs, 10 rendered details
2026-04-24T10:10:07+0000 INFO 10 new offer(s) found
2026-04-24T10:10:08+0000 INFO Telegram sent: 🏠 Neues Wohnungsangebot — Tempelhof-Schöneberg

📍 Hildburgha
2026-04-24T10:10:08+0000 INFO Notified: ID 16177 — Hildburghauser Straße 29A, 12279 Tempelhof-Schöneberg
2026-04-24T10:10:08+0000 INFO Skipped (district Reinickendorf not in allowlist): ID 16178
2026-04-24T10:10:08+0000 INFO Skipped (district Marzahn-Hellersdorf not in allowlist): ID 16179
2026-04-24T10:10:08+0000 INFO Skipped (district Marzahn-Hellersdorf not in allowlist): ID 16180
2026-04-24T10:10:08+0000 INFO Telegram sent: 🏠 Neues Wohnungsangebot — Neukölln

📍 Gensweg 10, 12349 Neuk
2026-04-24T10:10:08+0000 INFO Notified: ID 16181 — Gensweg 10, 12349 Neukölln
2026-04-24T10:10:08+0000 INFO Skipped (district Pankow not in allowlist): ID 16182
2026-04-24T10:10:08+0000 INFO Skipped (district Pankow not in allowlist): ID 16183
2026-04-24T10:10:08+0000 INFO Skipped (district Reinickendorf not in allowlist): ID 16184
2026-04-24T10:10:08+0000 INFO Skipped (district Lichtenberg not in allowlist): ID 16185
2026-04-24T10:10:08+0000 INFO Skipped (district Steglitz-Zehlendorf not in allowlist): ID 16186
2026-04-24T11:34:13+0000 INFO Fetched page: 219 total IDs, 10 rendered details
2026-04-24T11:34:13+0000 INFO 6 new offer(s) found
2026-04-24T11:34:13+0000 INFO Skipped (district Reinickendorf not in allowlist): ID 16188
2026-04-24T11:34:14+0000 INFO Telegram sent: 🏠 Neues Wohnungsangebot — Mitte

📍 Frauenfelder Weg 9, 13407
2026-04-24T11:34:14+0000 INFO Notified: ID 16189 — Frauenfelder Weg 9, 13407 Mitte
2026-04-24T11:34:14+0000 INFO Skipped (district Treptow-Köpenick not in allowlist): ID 16191
2026-04-24T11:34:14+0000 INFO Skipped (district Treptow-Köpenick not in allowlist): ID 16192
2026-04-24T11:34:14+0000 INFO Skipped (district Treptow-Köpenick not in allowlist): ID 16193
2026-04-24T11:34:14+0000 INFO Skipped (district Marzahn-Hellersdorf not in allowlist): ID 16195
2026-04-24T12:41:12+0000 INFO Fetched page: 216 total IDs, 10 rendered details
2026-04-24T12:41:12+0000 INFO 1 new offer(s) found
2026-04-24T12:41:12+0000 INFO Skipped (district Treptow-Köpenick not in allowlist): ID 16197
2026-04-24T14:19:15+0000 INFO Fetched page: 221 total IDs, 10 rendered details
2026-04-24T14:19:15+0000 INFO 6 new offer(s) found
2026-04-24T14:19:15+0000 INFO Skipped (district Treptow-Köpenick not in allowlist): ID 16198
2026-04-24T14:19:15+0000 INFO Skipped (district Treptow-Köpenick not in allowlist): ID 16199
2026-04-24T14:19:15+0000 INFO Skipped (district Treptow-Köpenick not in allowlist): ID 16200
2026-04-24T14:19:15+0000 INFO Skipped (district Treptow-Köpenick not in allowlist): ID 16201
2026-04-24T14:19:15+0000 INFO Skipped (district Treptow-Köpenick not in allowlist): ID 16202
2026-04-24T14:19:15+0000 INFO Skipped (district Lichtenberg not in allowlist): ID 16204
2026-04-24T15:42:01+0000 INFO Fetched page: 221 total IDs, 10 rendered details
2026-04-24T15:42:01+0000 INFO 1 new offer(s) found
2026-04-24T15:42:01+0000 INFO Skipped (district Treptow-Köpenick not in allowlist): ID 16205
2026-04-24T16:40:13+0000 INFO Fetched page: 219 total IDs, 10 rendered details
2026-04-24T16:40:13+0000 INFO 0 new offer(s) found
2026-04-24T17:37:20+0000 INFO Fetched page: 218 total IDs, 10 rendered details
2026-04-24T17:37:20+0000 INFO 0 new offer(s) found
2026-04-24T18:28:14+0000 INFO Fetched page: 217 total IDs, 10 rendered details
2026-04-24T18:28:14+0000 INFO 0 new offer(s) found
2026-04-24T19:31:35+0000 INFO Fetched page: 217 total IDs, 10 rendered details
2026-04-24T19:31:35+0000 INFO 0 new offer(s) found
2026-04-24T20:25:00+0000 INFO Fetched page: 217 total IDs, 10 rendered details
2026-04-24T20:25:00+0000 INFO 0 new offer(s) found
2026-04-24T21:12:50+0000 INFO Fetched page: 217 total IDs, 10 rendered details
2026-04-24T21:12:50+0000 INFO 0 new offer(s) found
2026-04-24T22:03:51+0000 INFO Fetched page: 217 total IDs, 10 rendered details
2026-04-24T22:03:51+0000 INFO 0 new offer(s) found
2026-04-24T22:55:06+0000 INFO Fetched page: 210 total IDs, 10 rendered details
2026-04-24T22:55:06+0000 INFO 0 new offer(s) found
2026-04-24T23:38:08+0000 INFO Fetched page: 210 total IDs, 10 rendered details
2026-04-24T23:38:08+0000 INFO 0 new offer(s) found
2026-04-25T01:05:19+0000 INFO Fetched page: 210 total IDs, 10 rendered details
2026-04-25T01:05:19+0000 INFO 0 new offer(s) found
2026-04-25T04:06:52+0000 INFO Fetched page: 210 total IDs, 10 rendered details
2026-04-25T04:06:52+0000 INFO 0 new offer(s) found
2026-04-25T05:56:30+0000 INFO Fetched page: 210 total IDs, 10 rendered details
2026-04-25T05:56:30+0000 INFO 0 new offer(s) found
2026-04-25T07:22:07+0000 INFO Fetched page: 211 total IDs, 10 rendered details
2026-04-25T07:22:07+0000 INFO 1 new offer(s) found
2026-04-25T07:22:08+0000 INFO Telegram sent: 🏠 Neues Wohnungsangebot — Charlottenburg-Wilmersdorf

📍 Heil
2026-04-25T07:22:08+0000 INFO Notified: ID 16206 — Heilmannring 14, 13627 Charlottenburg-Wilmersdorf
2026-04-25T08:14:19+0000 INFO Fetched page: 211 total IDs, 10 rendered details
2026-04-25T08:14:19+0000 INFO 0 new offer(s) found
2026-04-25T09:12:52+0000 INFO Fetched page: 211 total IDs, 10 rendered details
2026-04-25T09:12:52+0000 INFO 0 new offer(s) found
2026-04-25T10:07:26+0000 INFO Fetched page: 211 total IDs, 10 rendered details
2026-04-25T10:07:26+0000 INFO 0 new offer(s) found
2026-04-25T11:01:37+0000 INFO Fetched page: 211 total IDs, 10 rendered details
2026-04-25T11:01:37+0000 INFO 0 new offer(s) found
2026-04-25T11:49:40+0000 INFO Fetched page: 211 total IDs, 10 rendered details
2026-04-25T11:49:40+0000 INFO 0 new offer(s) found
2026-04-25T12:32:13+0000 INFO Fetched page: 211 total IDs, 10 rendered details
2026-04-25T12:32:13+0000 INFO 0 new offer(s) found
2026-04-25T13:47:48+0000 INFO Fetched page: 211 total IDs, 10 rendered details
2026-04-25T13:47:48+0000 INFO 0 new offer(s) found
2026-04-25T14:32:47+0000 INFO Fetched page: 211 total IDs, 10 rendered details
2026-04-25T14:32:47+0000 INFO 0 new offer(s) found
2026-04-25T15:23:21+0000 INFO Fetched page: 211 total IDs, 10 rendered details
2026-04-25T15:23:21+0000 INFO 0 new offer(s) found
2026-04-25T16:02:00+0000 INFO Fetched page: 211 total IDs, 10 rendered details
2026-04-25T16:02:00+0000 INFO 0 new offer(s) found
2026-04-25T16:58:01+0000 INFO Fetched page: 210 total IDs, 10 rendered details
2026-04-25T16:58:01+0000 INFO 0 new offer(s) found
2026-04-25T17:45:26+0000 INFO Fetched page: 210 total IDs, 10 rendered details
2026-04-25T17:45:26+0000 INFO 0 new offer(s) found
2026-04-25T18:29:09+0000 INFO Fetched page: 210 total IDs, 10 rendered details
2026-04-25T18:29:09+0000 INFO 0 new offer(s) found
2026-04-25T19:28:44+0000 INFO Fetched page: 216 total IDs, 10 rendered details
2026-04-25T19:28:44+0000 INFO 6 new offer(s) found
2026-04-25T19:28:44+0000 INFO Skipped (district Lichtenberg not in allowlist): ID 16207
2026-04-25T19:28:44+0000 INFO Skipped (district Lichtenberg not in allowlist): ID 16208
2026-04-25T19:28:44+0000 INFO Skipped (district Lichtenberg not in allowlist): ID 16209
2026-04-25T19:28:44+0000 INFO Skipped (district Lichtenberg not in allowlist): ID 16210
2026-04-25T19:28:44+0000 INFO Skipped (district Lichtenberg not in allowlist): ID 16211
2026-04-25T19:28:44+0000 INFO Skipped (district Lichtenberg not in allowlist): ID 16212
2026-04-25T20:04:13+0000 INFO Fetched page: 216 total IDs, 10 rendered details
2026-04-25T20:04:13+0000 INFO 0 new offer(s) found
2026-04-25T20:53:48+0000 INFO Fetched page: 216 total IDs, 10 rendered details
2026-04-25T20:53:48+0000 INFO 0 new offer(s) found
